<?xml version="1.0" encoding="UTF-8"?>
<testng-results ignored="0" total="2" passed="2" failed="0" skipped="0">
  <reporter-output>
  </reporter-output>
  <suite started-at="2023-07-18T18:48:55 IST" name="Integrations Automation Test Suite" finished-at="2023-07-18T18:52:09 IST" duration-ms="194208">
    <groups>
    </groups>
    <test started-at="2023-07-18T18:48:55 IST" name="Zoho Regression" finished-at="2023-07-18T18:51:50 IST" duration-ms="174903">
      <class name="com.integrations.tests.zoho.ZohoTests">
        <test-method is-config="true" signature="setup(java.lang.String)[pri:0, instance:com.integrations.tests.zoho.ZohoTests@56673b2c]" started-at="2023-07-18T18:48:55 IST" name="setup" finished-at="2023-07-18T18:48:58 IST" duration-ms="2876" status="PASS">
          <params>
            <param index="0">
              <value>
                <![CDATA[org]]>
              </value>
            </param>
          </params>
          <reporter-output>
          </reporter-output>
        </test-method> <!-- setup -->
        <test-method is-config="true" signature="setUp(java.lang.String)[pri:0, instance:com.integrations.tests.zoho.ZohoTests@56673b2c]" started-at="2023-07-18T18:48:58 IST" name="setUp" finished-at="2023-07-18T18:49:59 IST" duration-ms="60818" status="PASS">
          <params>
            <param index="0">
              <value>
                <![CDATA[org]]>
              </value>
            </param>
          </params>
          <reporter-output>
          </reporter-output>
        </test-method> <!-- setUp -->
        <test-method signature="ZohoLogCall(java.lang.String)[pri:0, instance:com.integrations.tests.zoho.ZohoTests@56673b2c]" started-at="2023-07-18T18:49:59 IST" name="ZohoLogCall" description="Zoho - Log Call for an Outgoing call from Org to Part and Part answers the call" finished-at="2023-07-18T18:51:50 IST" duration-ms="110941" status="PASS">
          <params>
            <param index="0">
              <value>
                <![CDATA[org]]>
              </value>
            </param>
          </params>
          <reporter-output>
          </reporter-output>
        </test-method> <!-- ZohoLogCall -->
        <test-method is-config="true" signature="tearDown()[pri:0, instance:com.integrations.tests.zoho.ZohoTests@56673b2c]" started-at="2023-07-18T18:51:50 IST" name="tearDown" finished-at="2023-07-18T18:51:50 IST" duration-ms="237" status="PASS">
          <reporter-output>
          </reporter-output>
        </test-method> <!-- tearDown -->
      </class> <!-- com.integrations.tests.zoho.ZohoTests -->
    </test> <!-- Zoho Regression -->
    <test started-at="2023-07-18T18:48:55 IST" name="MSDynamics Regression" finished-at="2023-07-18T18:52:09 IST" duration-ms="194208">
      <class name="com.integrations.tests.msDynamics.MSDynamicsTests">
        <test-method is-config="true" signature="setup(java.lang.String)[pri:0, instance:com.integrations.tests.msDynamics.MSDynamicsTests@1800a575]" started-at="2023-07-18T18:48:55 IST" name="setup" finished-at="2023-07-18T18:48:58 IST" duration-ms="2876" status="PASS">
          <params>
            <param index="0">
              <value>
                <![CDATA[org]]>
              </value>
            </param>
          </params>
          <reporter-output>
          </reporter-output>
        </test-method> <!-- setup -->
        <test-method is-config="true" signature="setUp(java.lang.String)[pri:0, instance:com.integrations.tests.msDynamics.MSDynamicsTests@1800a575]" started-at="2023-07-18T18:48:58 IST" name="setUp" finished-at="2023-07-18T18:49:52 IST" duration-ms="53852" status="PASS">
          <params>
            <param index="0">
              <value>
                <![CDATA[org]]>
              </value>
            </param>
          </params>
          <reporter-output>
          </reporter-output>
        </test-method> <!-- setUp -->
        <test-method signature="MSDynamicsLogCall(java.lang.String)[pri:0, instance:com.integrations.tests.msDynamics.MSDynamicsTests@1800a575]" started-at="2023-07-18T18:49:52 IST" name="MSDynamicsLogCall" description="MSDynamics - Log Call for an Outgoing call from Org to Part" finished-at="2023-07-18T18:52:09 IST" duration-ms="137244" status="PASS">
          <params>
            <param index="0">
              <value>
                <![CDATA[org]]>
              </value>
            </param>
          </params>
          <reporter-output>
          </reporter-output>
        </test-method> <!-- MSDynamicsLogCall -->
        <test-method is-config="true" signature="tearDown()[pri:0, instance:com.integrations.tests.msDynamics.MSDynamicsTests@1800a575]" started-at="2023-07-18T18:52:09 IST" name="tearDown" finished-at="2023-07-18T18:52:09 IST" duration-ms="202" status="PASS">
          <reporter-output>
          </reporter-output>
        </test-method> <!-- tearDown -->
      </class> <!-- com.integrations.tests.msDynamics.MSDynamicsTests -->
    </test> <!-- MSDynamics Regression -->
  </suite> <!-- Integrations Automation Test Suite -->
</testng-results>
